<?xml version="1.0" encoding="UTF-8"?>
<!-- Generated by org.testng.reporters.JUnitReportReporter -->
<testsuite hostname="LAPTOP-VDOVF2C0" failures="0" tests="1" name="org.amazon.AmazonTestng" time="23.226" errors="0" timestamp="27 Apr 2021 13:15:41 GMT" skipped="0">
  <testcase classname="org.amazon.AmazonTestng" name="tc1" time="23.226"/>
</testsuite> <!-- org.amazon.AmazonTestng -->
